-------------------------------------------------------------------------------
Test set: com.example.WhatTheTekBlog.controllers.PostControllerTest
-------------------------------------------------------------------------------
Tests run: 4, Failures: 0, Errors: 4, Skipped: 0, Time elapsed: 60.177 s <<< FAILURE! - in com.example.WhatTheTekBlog.controllers.PostControllerTest
testUpdatePost(com.example.WhatTheTekBlog.controllers.PostControllerTest)  Time elapsed: 0 s  <<< ERROR!
java.lang.IllegalStateException: Failed to load ApplicationContext
Caused by: org.springframework.dao.InvalidDataAccessResourceUsageException: could not extract ResultSet; SQL [n/a]; nested exception is org.hibernate.exception.SQLGrammarException: could not extract ResultSet
Caused by: org.hibernate.exception.SQLGrammarException: could not extract ResultSet
Caused by: org.postgresql.util.PSQLException: 
ERROR: relation "tags" does not exist
  Position: 66

testGetPost(com.example.WhatTheTekBlog.controllers.PostControllerTest)  Time elapsed: 0 s  <<< ERROR!
java.lang.IllegalStateException: Failed to load ApplicationContext
Caused by: java.lang.NullPointerException

testCreatePost(com.example.WhatTheTekBlog.controllers.PostControllerTest)  Time elapsed: 0 s  <<< ERROR!
java.lang.IllegalStateException: Failed to load ApplicationContext
Caused by: java.lang.NullPointerException

testDeletePost(com.example.WhatTheTekBlog.controllers.PostControllerTest)  Time elapsed: 0 s  <<< ERROR!
java.lang.IllegalStateException: Failed to load ApplicationContext
Caused by: java.lang.NullPointerException

