-------------------------------------------------------------------------------
Test set: com.example.WhatTheTekBlog.services.CommentsServiceTest
-------------------------------------------------------------------------------
Tests run: 8, Failures: 0, Errors: 8, Skipped: 0, Time elapsed: 169.206 s <<< FAILURE! - in com.example.WhatTheTekBlog.services.CommentsServiceTest
testUpdateService(com.example.WhatTheTekBlog.services.CommentsServiceTest)  Time elapsed: 0 s  <<< ERROR!
java.lang.IllegalStateException: Failed to load ApplicationContext
Caused by: org.springframework.beans.factory.BeanCreationException: Error creating bean with name 'entityManagerFactory' defined in class path resource [org/springframework/boot/autoconfigure/orm/jpa/HibernateJpaConfiguration.class]: Invocation of init method failed; nested exception is org.hibernate.AnnotationException: Use of @OneToMany or @ManyToMany targeting an unmapped class: com.example.WhatTheTekBlog.models.BlogUser.comments[com.example.WhatTheTekBlog.models.Comments]
Caused by: org.hibernate.AnnotationException: Use of @OneToMany or @ManyToMany targeting an unmapped class: com.example.WhatTheTekBlog.models.BlogUser.comments[com.example.WhatTheTekBlog.models.Comments]

testgetPostsByComments(com.example.WhatTheTekBlog.services.CommentsServiceTest)  Time elapsed: 0 s  <<< ERROR!
java.lang.IllegalStateException: Failed to load ApplicationContext
Caused by: org.springframework.beans.factory.BeanCreationException: Error creating bean with name 'entityManagerFactory' defined in class path resource [org/springframework/boot/autoconfigure/orm/jpa/HibernateJpaConfiguration.class]: Invocation of init method failed; nested exception is org.hibernate.AnnotationException: @OneToOne or @ManyToOne on com.example.WhatTheTekBlog.models.Comments.user references an unknown entity: com.example.WhatTheTekBlog.models.BlogUser
Caused by: org.hibernate.AnnotationException: @OneToOne or @ManyToOne on com.example.WhatTheTekBlog.models.Comments.user references an unknown entity: com.example.WhatTheTekBlog.models.BlogUser

testDeleteService(com.example.WhatTheTekBlog.services.CommentsServiceTest)  Time elapsed: 0 s  <<< ERROR!
java.lang.IllegalStateException: Failed to load ApplicationContext
Caused by: org.springframework.beans.factory.BeanCreationException: Error creating bean with name 'entityManagerFactory' defined in class path resource [org/springframework/boot/autoconfigure/orm/jpa/HibernateJpaConfiguration.class]: Invocation of init method failed; nested exception is org.hibernate.AnnotationException: @OneToOne or @ManyToOne on com.example.WhatTheTekBlog.models.Comments.user references an unknown entity: com.example.WhatTheTekBlog.models.BlogUser
Caused by: org.hibernate.AnnotationException: @OneToOne or @ManyToOne on com.example.WhatTheTekBlog.models.Comments.user references an unknown entity: com.example.WhatTheTekBlog.models.BlogUser

testFindById(com.example.WhatTheTekBlog.services.CommentsServiceTest)  Time elapsed: 0.001 s  <<< ERROR!
java.lang.IllegalStateException: Failed to load ApplicationContext
Caused by: org.springframework.beans.factory.BeanCreationException: Error creating bean with name 'entityManagerFactory' defined in class path resource [org/springframework/boot/autoconfigure/orm/jpa/HibernateJpaConfiguration.class]: Invocation of init method failed; nested exception is org.hibernate.AnnotationException: @OneToOne or @ManyToOne on com.example.WhatTheTekBlog.models.Comments.user references an unknown entity: com.example.WhatTheTekBlog.models.BlogUser
Caused by: org.hibernate.AnnotationException: @OneToOne or @ManyToOne on com.example.WhatTheTekBlog.models.Comments.user references an unknown entity: com.example.WhatTheTekBlog.models.BlogUser

testFindByIdError(com.example.WhatTheTekBlog.services.CommentsServiceTest)  Time elapsed: 0 s  <<< ERROR!
java.lang.IllegalStateException: Failed to load ApplicationContext
Caused by: org.springframework.beans.factory.BeanCreationException: Error creating bean with name 'entityManagerFactory' defined in class path resource [org/springframework/boot/autoconfigure/orm/jpa/HibernateJpaConfiguration.class]: Invocation of init method failed; nested exception is org.hibernate.AnnotationException: @OneToOne or @ManyToOne on com.example.WhatTheTekBlog.models.Comments.user references an unknown entity: com.example.WhatTheTekBlog.models.BlogUser
Caused by: org.hibernate.AnnotationException: @OneToOne or @ManyToOne on com.example.WhatTheTekBlog.models.Comments.user references an unknown entity: com.example.WhatTheTekBlog.models.BlogUser

testCreateServiceUser(com.example.WhatTheTekBlog.services.CommentsServiceTest)  Time elapsed: 0.001 s  <<< ERROR!
java.lang.IllegalStateException: Failed to load ApplicationContext
Caused by: org.springframework.beans.factory.BeanCreationException: Error creating bean with name 'entityManagerFactory' defined in class path resource [org/springframework/boot/autoconfigure/orm/jpa/HibernateJpaConfiguration.class]: Invocation of init method failed; nested exception is org.hibernate.AnnotationException: @OneToOne or @ManyToOne on com.example.WhatTheTekBlog.models.Comments.user references an unknown entity: com.example.WhatTheTekBlog.models.BlogUser
Caused by: org.hibernate.AnnotationException: @OneToOne or @ManyToOne on com.example.WhatTheTekBlog.models.Comments.user references an unknown entity: com.example.WhatTheTekBlog.models.BlogUser

testFindAllService(com.example.WhatTheTekBlog.services.CommentsServiceTest)  Time elapsed: 0 s  <<< ERROR!
java.lang.IllegalStateException: Failed to load ApplicationContext
Caused by: org.springframework.beans.factory.BeanCreationException: Error creating bean with name 'entityManagerFactory' defined in class path resource [org/springframework/boot/autoconfigure/orm/jpa/HibernateJpaConfiguration.class]: Invocation of init method failed; nested exception is org.hibernate.AnnotationException: @OneToOne or @ManyToOne on com.example.WhatTheTekBlog.models.Comments.user references an unknown entity: com.example.WhatTheTekBlog.models.BlogUser
Caused by: org.hibernate.AnnotationException: @OneToOne or @ManyToOne on com.example.WhatTheTekBlog.models.Comments.user references an unknown entity: com.example.WhatTheTekBlog.models.BlogUser

testCreateService(com.example.WhatTheTekBlog.services.CommentsServiceTest)  Time elapsed: 0 s  <<< ERROR!
java.lang.IllegalStateException: Failed to load ApplicationContext
Caused by: org.springframework.dao.InvalidDataAccessResourceUsageException: could not extract ResultSet; SQL [n/a]; nested exception is org.hibernate.exception.SQLGrammarException: could not extract ResultSet
Caused by: org.hibernate.exception.SQLGrammarException: could not extract ResultSet
Caused by: org.postgresql.util.PSQLException: 
ERROR: relation "blog_user" does not exist
  Position: 544

