-------------------------------------------------------------------------------
Test set: com.example.WhatTheTekBlog.services.PostServiceTest
-------------------------------------------------------------------------------
Tests run: 5, Failures: 0, Errors: 5, Skipped: 0, Time elapsed: 127.829 s <<< FAILURE! - in com.example.WhatTheTekBlog.services.PostServiceTest
testFindByPostId(com.example.WhatTheTekBlog.services.PostServiceTest)  Time elapsed: 0.004 s  <<< ERROR!
java.lang.IllegalStateException: Failed to load ApplicationContext
Caused by: org.springframework.transaction.TransactionSystemException: Could not commit JPA transaction; nested exception is javax.persistence.RollbackException: Error while committing the transaction
Caused by: javax.persistence.RollbackException: Error while committing the transaction
Caused by: javax.validation.ConstraintViolationException: 
Validation failed for classes [com.example.WhatTheTekBlog.models.Post] during persist time for groups [javax.validation.groups.Default, ]
List of constraint violations:[
	ConstraintViolationImpl{interpolatedMessage='must not be null', propertyPath=postTitle, rootBeanClass=class com.example.WhatTheTekBlog.models.Post, messageTemplate='{javax.validation.constraints.NotNull.message}'}
	ConstraintViolationImpl{interpolatedMessage='must not be null', propertyPath=postContent, rootBeanClass=class com.example.WhatTheTekBlog.models.Post, messageTemplate='{javax.validation.constraints.NotNull.message}'}
	ConstraintViolationImpl{interpolatedMessage='must not be null', propertyPath=postSummary, rootBeanClass=class com.example.WhatTheTekBlog.models.Post, messageTemplate='{javax.validation.constraints.NotNull.message}'}
]

findAll(com.example.WhatTheTekBlog.services.PostServiceTest)  Time elapsed: 0 s  <<< ERROR!
java.lang.IllegalStateException: Failed to load ApplicationContext
Caused by: org.springframework.transaction.TransactionSystemException: Could not commit JPA transaction; nested exception is javax.persistence.RollbackException: Error while committing the transaction
Caused by: javax.persistence.RollbackException: Error while committing the transaction
Caused by: javax.validation.ConstraintViolationException: 
Validation failed for classes [com.example.WhatTheTekBlog.models.Post] during persist time for groups [javax.validation.groups.Default, ]
List of constraint violations:[
	ConstraintViolationImpl{interpolatedMessage='must not be null', propertyPath=postTitle, rootBeanClass=class com.example.WhatTheTekBlog.models.Post, messageTemplate='{javax.validation.constraints.NotNull.message}'}
	ConstraintViolationImpl{interpolatedMessage='must not be null', propertyPath=postContent, rootBeanClass=class com.example.WhatTheTekBlog.models.Post, messageTemplate='{javax.validation.constraints.NotNull.message}'}
	ConstraintViolationImpl{interpolatedMessage='must not be null', propertyPath=postSummary, rootBeanClass=class com.example.WhatTheTekBlog.models.Post, messageTemplate='{javax.validation.constraints.NotNull.message}'}
]

testDelete(com.example.WhatTheTekBlog.services.PostServiceTest)  Time elapsed: 0 s  <<< ERROR!
java.lang.IllegalStateException: Failed to load ApplicationContext
Caused by: org.springframework.transaction.TransactionSystemException: Could not commit JPA transaction; nested exception is javax.persistence.RollbackException: Error while committing the transaction
Caused by: javax.persistence.RollbackException: Error while committing the transaction
Caused by: javax.validation.ConstraintViolationException: 
Validation failed for classes [com.example.WhatTheTekBlog.models.Post] during persist time for groups [javax.validation.groups.Default, ]
List of constraint violations:[
	ConstraintViolationImpl{interpolatedMessage='must not be null', propertyPath=postTitle, rootBeanClass=class com.example.WhatTheTekBlog.models.Post, messageTemplate='{javax.validation.constraints.NotNull.message}'}
	ConstraintViolationImpl{interpolatedMessage='must not be null', propertyPath=postContent, rootBeanClass=class com.example.WhatTheTekBlog.models.Post, messageTemplate='{javax.validation.constraints.NotNull.message}'}
	ConstraintViolationImpl{interpolatedMessage='must not be null', propertyPath=postSummary, rootBeanClass=class com.example.WhatTheTekBlog.models.Post, messageTemplate='{javax.validation.constraints.NotNull.message}'}
]

createPost(com.example.WhatTheTekBlog.services.PostServiceTest)  Time elapsed: 0.001 s  <<< ERROR!
java.lang.IllegalStateException: Failed to load ApplicationContext
Caused by: org.springframework.transaction.TransactionSystemException: Could not commit JPA transaction; nested exception is javax.persistence.RollbackException: Error while committing the transaction
Caused by: javax.persistence.RollbackException: Error while committing the transaction
Caused by: javax.validation.ConstraintViolationException: 
Validation failed for classes [com.example.WhatTheTekBlog.models.Post] during persist time for groups [javax.validation.groups.Default, ]
List of constraint violations:[
	ConstraintViolationImpl{interpolatedMessage='must not be null', propertyPath=postSummary, rootBeanClass=class com.example.WhatTheTekBlog.models.Post, messageTemplate='{javax.validation.constraints.NotNull.message}'}
	ConstraintViolationImpl{interpolatedMessage='must not be null', propertyPath=postTitle, rootBeanClass=class com.example.WhatTheTekBlog.models.Post, messageTemplate='{javax.validation.constraints.NotNull.message}'}
	ConstraintViolationImpl{interpolatedMessage='must not be null', propertyPath=postContent, rootBeanClass=class com.example.WhatTheTekBlog.models.Post, messageTemplate='{javax.validation.constraints.NotNull.message}'}
]

testUpdate(com.example.WhatTheTekBlog.services.PostServiceTest)  Time elapsed: 0 s  <<< ERROR!
java.lang.IllegalStateException: Failed to load ApplicationContext
Caused by: org.springframework.transaction.TransactionSystemException: Could not commit JPA transaction; nested exception is javax.persistence.RollbackException: Error while committing the transaction
Caused by: javax.persistence.RollbackException: Error while committing the transaction
Caused by: javax.validation.ConstraintViolationException: 
Validation failed for classes [com.example.WhatTheTekBlog.models.Post] during persist time for groups [javax.validation.groups.Default, ]
List of constraint violations:[
	ConstraintViolationImpl{interpolatedMessage='must not be null', propertyPath=postTitle, rootBeanClass=class com.example.WhatTheTekBlog.models.Post, messageTemplate='{javax.validation.constraints.NotNull.message}'}
	ConstraintViolationImpl{interpolatedMessage='must not be null', propertyPath=postContent, rootBeanClass=class com.example.WhatTheTekBlog.models.Post, messageTemplate='{javax.validation.constraints.NotNull.message}'}
	ConstraintViolationImpl{interpolatedMessage='must not be null', propertyPath=postSummary, rootBeanClass=class com.example.WhatTheTekBlog.models.Post, messageTemplate='{javax.validation.constraints.NotNull.message}'}
]

