-------------------------------------------------------------------------------
Test set: com.example.WhatTheTekBlog.controllers.BlogUserControllerTest
-------------------------------------------------------------------------------
Tests run: 7, Failures: 0, Errors: 7, Skipped: 0, Time elapsed: 109.579 s <<< FAILURE! - in com.example.WhatTheTekBlog.controllers.BlogUserControllerTest
testFindCommentsByUser(com.example.WhatTheTekBlog.controllers.BlogUserControllerTest)  Time elapsed: 0.001 s  <<< ERROR!
java.lang.IllegalStateException: Failed to load ApplicationContext
Caused by: org.springframework.transaction.TransactionSystemException: Could not commit JPA transaction; nested exception is javax.persistence.RollbackException: Error while committing the transaction
Caused by: javax.persistence.RollbackException: Error while committing the transaction
Caused by: javax.validation.ConstraintViolationException: 
Validation failed for classes [com.example.WhatTheTekBlog.models.Post] during persist time for groups [javax.validation.groups.Default, ]
List of constraint violations:[
	ConstraintViolationImpl{interpolatedMessage='must not be null', propertyPath=postTitle, rootBeanClass=class com.example.WhatTheTekBlog.models.Post, messageTemplate='{javax.validation.constraints.NotNull.message}'}
	ConstraintViolationImpl{interpolatedMessage='must not be null', propertyPath=postSummary, rootBeanClass=class com.example.WhatTheTekBlog.models.Post, messageTemplate='{javax.validation.constraints.NotNull.message}'}
	ConstraintViolationImpl{interpolatedMessage='must not be null', propertyPath=postContent, rootBeanClass=class com.example.WhatTheTekBlog.models.Post, messageTemplate='{javax.validation.constraints.NotNull.message}'}
]

testFindAll(com.example.WhatTheTekBlog.controllers.BlogUserControllerTest)  Time elapsed: 0 s  <<< ERROR!
java.lang.IllegalStateException: Failed to load ApplicationContext
Caused by: org.springframework.transaction.TransactionSystemException: Could not commit JPA transaction; nested exception is javax.persistence.RollbackException: Error while committing the transaction
Caused by: javax.persistence.RollbackException: Error while committing the transaction
Caused by: javax.validation.ConstraintViolationException: 
Validation failed for classes [com.example.WhatTheTekBlog.models.Post] during persist time for groups [javax.validation.groups.Default, ]
List of constraint violations:[
	ConstraintViolationImpl{interpolatedMessage='must not be null', propertyPath=postTitle, rootBeanClass=class com.example.WhatTheTekBlog.models.Post, messageTemplate='{javax.validation.constraints.NotNull.message}'}
	ConstraintViolationImpl{interpolatedMessage='must not be null', propertyPath=postSummary, rootBeanClass=class com.example.WhatTheTekBlog.models.Post, messageTemplate='{javax.validation.constraints.NotNull.message}'}
	ConstraintViolationImpl{interpolatedMessage='must not be null', propertyPath=postContent, rootBeanClass=class com.example.WhatTheTekBlog.models.Post, messageTemplate='{javax.validation.constraints.NotNull.message}'}
]

testFindByName(com.example.WhatTheTekBlog.controllers.BlogUserControllerTest)  Time elapsed: 0 s  <<< ERROR!
java.lang.IllegalStateException: Failed to load ApplicationContext
Caused by: org.springframework.transaction.TransactionSystemException: Could not commit JPA transaction; nested exception is javax.persistence.RollbackException: Error while committing the transaction
Caused by: javax.persistence.RollbackException: Error while committing the transaction
Caused by: javax.validation.ConstraintViolationException: 
Validation failed for classes [com.example.WhatTheTekBlog.models.Post] during persist time for groups [javax.validation.groups.Default, ]
List of constraint violations:[
	ConstraintViolationImpl{interpolatedMessage='must not be null', propertyPath=postSummary, rootBeanClass=class com.example.WhatTheTekBlog.models.Post, messageTemplate='{javax.validation.constraints.NotNull.message}'}
	ConstraintViolationImpl{interpolatedMessage='must not be null', propertyPath=postContent, rootBeanClass=class com.example.WhatTheTekBlog.models.Post, messageTemplate='{javax.validation.constraints.NotNull.message}'}
	ConstraintViolationImpl{interpolatedMessage='must not be null', propertyPath=postTitle, rootBeanClass=class com.example.WhatTheTekBlog.models.Post, messageTemplate='{javax.validation.constraints.NotNull.message}'}
]

testFindById(com.example.WhatTheTekBlog.controllers.BlogUserControllerTest)  Time elapsed: 0 s  <<< ERROR!
java.lang.IllegalStateException: Failed to load ApplicationContext
Caused by: org.springframework.transaction.TransactionSystemException: Could not commit JPA transaction; nested exception is javax.persistence.RollbackException: Error while committing the transaction
Caused by: javax.persistence.RollbackException: Error while committing the transaction
Caused by: javax.validation.ConstraintViolationException: 
Validation failed for classes [com.example.WhatTheTekBlog.models.Post] during persist time for groups [javax.validation.groups.Default, ]
List of constraint violations:[
	ConstraintViolationImpl{interpolatedMessage='must not be null', propertyPath=postTitle, rootBeanClass=class com.example.WhatTheTekBlog.models.Post, messageTemplate='{javax.validation.constraints.NotNull.message}'}
	ConstraintViolationImpl{interpolatedMessage='must not be null', propertyPath=postSummary, rootBeanClass=class com.example.WhatTheTekBlog.models.Post, messageTemplate='{javax.validation.constraints.NotNull.message}'}
	ConstraintViolationImpl{interpolatedMessage='must not be null', propertyPath=postContent, rootBeanClass=class com.example.WhatTheTekBlog.models.Post, messageTemplate='{javax.validation.constraints.NotNull.message}'}
]

testFindPostsByUser(com.example.WhatTheTekBlog.controllers.BlogUserControllerTest)  Time elapsed: 0 s  <<< ERROR!
java.lang.IllegalStateException: Failed to load ApplicationContext
Caused by: org.springframework.transaction.TransactionSystemException: Could not commit JPA transaction; nested exception is javax.persistence.RollbackException: Error while committing the transaction
Caused by: javax.persistence.RollbackException: Error while committing the transaction
Caused by: javax.validation.ConstraintViolationException: 
Validation failed for classes [com.example.WhatTheTekBlog.models.Post] during persist time for groups [javax.validation.groups.Default, ]
List of constraint violations:[
	ConstraintViolationImpl{interpolatedMessage='must not be null', propertyPath=postTitle, rootBeanClass=class com.example.WhatTheTekBlog.models.Post, messageTemplate='{javax.validation.constraints.NotNull.message}'}
	ConstraintViolationImpl{interpolatedMessage='must not be null', propertyPath=postContent, rootBeanClass=class com.example.WhatTheTekBlog.models.Post, messageTemplate='{javax.validation.constraints.NotNull.message}'}
	ConstraintViolationImpl{interpolatedMessage='must not be null', propertyPath=postSummary, rootBeanClass=class com.example.WhatTheTekBlog.models.Post, messageTemplate='{javax.validation.constraints.NotNull.message}'}
]

testSignup(com.example.WhatTheTekBlog.controllers.BlogUserControllerTest)  Time elapsed: 0.007 s  <<< ERROR!
java.lang.IllegalStateException: Failed to load ApplicationContext
Caused by: org.springframework.transaction.TransactionSystemException: Could not commit JPA transaction; nested exception is javax.persistence.RollbackException: Error while committing the transaction
Caused by: javax.persistence.RollbackException: Error while committing the transaction
Caused by: javax.validation.ConstraintViolationException: 
Validation failed for classes [com.example.WhatTheTekBlog.models.Post] during persist time for groups [javax.validation.groups.Default, ]
List of constraint violations:[
	ConstraintViolationImpl{interpolatedMessage='must not be null', propertyPath=postTitle, rootBeanClass=class com.example.WhatTheTekBlog.models.Post, messageTemplate='{javax.validation.constraints.NotNull.message}'}
	ConstraintViolationImpl{interpolatedMessage='must not be null', propertyPath=postSummary, rootBeanClass=class com.example.WhatTheTekBlog.models.Post, messageTemplate='{javax.validation.constraints.NotNull.message}'}
	ConstraintViolationImpl{interpolatedMessage='must not be null', propertyPath=postContent, rootBeanClass=class com.example.WhatTheTekBlog.models.Post, messageTemplate='{javax.validation.constraints.NotNull.message}'}
]

testUpdate(com.example.WhatTheTekBlog.controllers.BlogUserControllerTest)  Time elapsed: 0.001 s  <<< ERROR!
java.lang.IllegalStateException: Failed to load ApplicationContext
Caused by: org.springframework.transaction.TransactionSystemException: Could not commit JPA transaction; nested exception is javax.persistence.RollbackException: Error while committing the transaction
Caused by: javax.persistence.RollbackException: Error while committing the transaction
Caused by: javax.validation.ConstraintViolationException: 
Validation failed for classes [com.example.WhatTheTekBlog.models.Post] during persist time for groups [javax.validation.groups.Default, ]
List of constraint violations:[
	ConstraintViolationImpl{interpolatedMessage='must not be null', propertyPath=postContent, rootBeanClass=class com.example.WhatTheTekBlog.models.Post, messageTemplate='{javax.validation.constraints.NotNull.message}'}
	ConstraintViolationImpl{interpolatedMessage='must not be null', propertyPath=postSummary, rootBeanClass=class com.example.WhatTheTekBlog.models.Post, messageTemplate='{javax.validation.constraints.NotNull.message}'}
	ConstraintViolationImpl{interpolatedMessage='must not be null', propertyPath=postTitle, rootBeanClass=class com.example.WhatTheTekBlog.models.Post, messageTemplate='{javax.validation.constraints.NotNull.message}'}
]

