-------------------------------------------------------------------------------
Test set: com.example.WhatTheTekBlog.WhatTheTekBlogApplicationTests
-------------------------------------------------------------------------------
Tests run: 1, Failures: 0, Errors: 1, Skipped: 0, Time elapsed: 24.31 s <<< FAILURE! - in com.example.WhatTheTekBlog.WhatTheTekBlogApplicationTests
contextLoads(com.example.WhatTheTekBlog.WhatTheTekBlogApplicationTests)  Time elapsed: 0.012 s  <<< ERROR!
java.lang.IllegalStateException: Failed to load ApplicationContext
Caused by: org.springframework.beans.factory.UnsatisfiedDependencyException: Error creating bean with name 'whatTheTekBlogApplication': Unsatisfied dependency expressed through field 'userService'; nested exception is org.springframework.beans.factory.UnsatisfiedDependencyException: Error creating bean with name 'userService' defined in file [/Users/eleonorbart/Projects/WhatTheTec/FullStack.MicroWebApplication-Server/target/classes/com/example/WhatTheTekBlog/services/UserService.class]: Unsatisfied dependency expressed through constructor parameter 0; nested exception is org.springframework.beans.factory.BeanCreationException: Error creating bean with name 'userRepository': Invocation of init method failed; nested exception is java.lang.IllegalArgumentException: Not a managed type: class com.example.WhatTheTekBlog.models.BlogUser
Caused by: org.springframework.beans.factory.UnsatisfiedDependencyException: Error creating bean with name 'userService' defined in file [/Users/eleonorbart/Projects/WhatTheTec/FullStack.MicroWebApplication-Server/target/classes/com/example/WhatTheTekBlog/services/UserService.class]: Unsatisfied dependency expressed through constructor parameter 0; nested exception is org.springframework.beans.factory.BeanCreationException: Error creating bean with name 'userRepository': Invocation of init method failed; nested exception is java.lang.IllegalArgumentException: Not a managed type: class com.example.WhatTheTekBlog.models.BlogUser
Caused by: org.springframework.beans.factory.BeanCreationException: Error creating bean with name 'userRepository': Invocation of init method failed; nested exception is java.lang.IllegalArgumentException: Not a managed type: class com.example.WhatTheTekBlog.models.BlogUser
Caused by: java.lang.IllegalArgumentException: Not a managed type: class com.example.WhatTheTekBlog.models.BlogUser

